{"__type":"$$EventMessageWorkflow","id":"ebf84152-e4b5-421f-a625-72fb8d11d943","ts":"2025-11-19T17:35:37.149+00:00","eventName":"n8n.workflow.started","message":"n8n.workflow.started","payload":{"executionId":"132","workflowId":"CbnyGVMHYiDmirgA","isManual":false,"workflowName":"daily_scraper"}}
{"__type":"$$EventMessageConfirm","confirm":"ebf84152-e4b5-421f-a625-72fb8d11d943","ts":"2025-11-19T17:35:37.150+00:00","source":{"id":"0","name":"eventBus"}}
{"__type":"$$EventMessageNode","id":"dbcb29a1-c468-44b0-8406-7a02f762947c","ts":"2025-11-19T17:35:37.151+00:00","eventName":"n8n.node.started","message":"n8n.node.started","payload":{"workflowId":"CbnyGVMHYiDmirgA","workflowName":"daily_scraper","executionId":"132","nodeType":"n8n-nodes-base.manualTrigger","nodeName":"When clicking ‘Execute workflow’","nodeId":"f572c784-a850-4183-8d07-a2256c5b5065"}}
{"__type":"$$EventMessageConfirm","confirm":"dbcb29a1-c468-44b0-8406-7a02f762947c","ts":"2025-11-19T17:35:37.151+00:00","source":{"id":"0","name":"eventBus"}}
{"__type":"$$EventMessageNode","id":"aa3ddb0a-20ad-4790-bdf9-188e979f4a64","ts":"2025-11-19T17:35:37.157+00:00","eventName":"n8n.node.finished","message":"n8n.node.finished","payload":{"workflowId":"CbnyGVMHYiDmirgA","workflowName":"daily_scraper","executionId":"132","nodeType":"n8n-nodes-base.manualTrigger","nodeName":"When clicking ‘Execute workflow’","nodeId":"f572c784-a850-4183-8d07-a2256c5b5065"}}
{"__type":"$$EventMessageConfirm","confirm":"aa3ddb0a-20ad-4790-bdf9-188e979f4a64","ts":"2025-11-19T17:35:37.157+00:00","source":{"id":"0","name":"eventBus"}}
{"__type":"$$EventMessageNode","id":"b0059cb8-5461-488f-992e-e10471c1c288","ts":"2025-11-19T17:35:37.158+00:00","eventName":"n8n.node.started","message":"n8n.node.started","payload":{"workflowId":"CbnyGVMHYiDmirgA","workflowName":"daily_scraper","executionId":"132","nodeType":"n8n-nodes-base.httpRequest","nodeName":"Get Active Profiles","nodeId":"ffbea0ac-fa61-4cfa-9cda-c19fe60a6c4c"}}
{"__type":"$$EventMessageConfirm","confirm":"b0059cb8-5461-488f-992e-e10471c1c288","ts":"2025-11-19T17:35:37.158+00:00","source":{"id":"0","name":"eventBus"}}
{"__type":"$$EventMessageNode","id":"83167918-7737-4ebb-bdb1-5d7d3d49b793","ts":"2025-11-19T17:35:37.236+00:00","eventName":"n8n.node.finished","message":"n8n.node.finished","payload":{"workflowId":"CbnyGVMHYiDmirgA","workflowName":"daily_scraper","executionId":"132","nodeType":"n8n-nodes-base.httpRequest","nodeName":"Get Active Profiles","nodeId":"ffbea0ac-fa61-4cfa-9cda-c19fe60a6c4c"}}
{"__type":"$$EventMessageConfirm","confirm":"83167918-7737-4ebb-bdb1-5d7d3d49b793","ts":"2025-11-19T17:35:37.237+00:00","source":{"id":"0","name":"eventBus"}}
{"__type":"$$EventMessageNode","id":"e4b3d051-ecb5-4918-b6da-201220970330","ts":"2025-11-19T17:35:37.237+00:00","eventName":"n8n.node.started","message":"n8n.node.started","payload":{"workflowId":"CbnyGVMHYiDmirgA","workflowName":"daily_scraper","executionId":"132","nodeType":"n8n-nodes-base.splitInBatches","nodeName":"Loop Over Items","nodeId":"4bc7a991-36f1-46b9-b423-ee13d731dfec"}}
{"__type":"$$EventMessageConfirm","confirm":"e4b3d051-ecb5-4918-b6da-201220970330","ts":"2025-11-19T17:35:37.238+00:00","source":{"id":"0","name":"eventBus"}}
{"__type":"$$EventMessageNode","id":"854fd54c-cf49-447b-8f27-259e94e46665","ts":"2025-11-19T17:35:37.239+00:00","eventName":"n8n.node.finished","message":"n8n.node.finished","payload":{"workflowId":"CbnyGVMHYiDmirgA","workflowName":"daily_scraper","executionId":"132","nodeType":"n8n-nodes-base.splitInBatches","nodeName":"Loop Over Items","nodeId":"4bc7a991-36f1-46b9-b423-ee13d731dfec"}}
{"__type":"$$EventMessageConfirm","confirm":"854fd54c-cf49-447b-8f27-259e94e46665","ts":"2025-11-19T17:35:37.239+00:00","source":{"id":"0","name":"eventBus"}}
{"__type":"$$EventMessageNode","id":"74809063-991b-469e-a1d1-02c39397d46c","ts":"2025-11-19T17:35:37.241+00:00","eventName":"n8n.node.started","message":"n8n.node.started","payload":{"workflowId":"CbnyGVMHYiDmirgA","workflowName":"daily_scraper","executionId":"132","nodeType":"@apify/n8n-nodes-apify.apify","nodeName":"Dice scraper","nodeId":"1f3c703c-d89c-41a4-947b-49c24fc49c0b"}}
{"__type":"$$EventMessageConfirm","confirm":"74809063-991b-469e-a1d1-02c39397d46c","ts":"2025-11-19T17:35:37.241+00:00","source":{"id":"0","name":"eventBus"}}
{"__type":"$$EventMessageNode","id":"93290838-1016-4c35-b1c7-a12299cdc432","ts":"2025-11-19T09:35:47.927-08:00","eventName":"n8n.node.finished","message":"n8n.node.finished","payload":{"workflowId":"CbnyGVMHYiDmirgA","workflowName":"daily_scraper","executionId":"132","nodeType":"@apify/n8n-nodes-apify.apify","nodeName":"Dice scraper","nodeId":"1f3c703c-d89c-41a4-947b-49c24fc49c0b"}}
{"__type":"$$EventMessageConfirm","confirm":"93290838-1016-4c35-b1c7-a12299cdc432","ts":"2025-11-19T09:35:47.927-08:00","source":{"id":"0","name":"eventBus"}}
{"__type":"$$EventMessageNode","id":"b80924e2-9bec-4bdf-b6fd-86755f078cfe","ts":"2025-11-19T09:35:47.928-08:00","eventName":"n8n.node.started","message":"n8n.node.started","payload":{"workflowId":"CbnyGVMHYiDmirgA","workflowName":"daily_scraper","executionId":"132","nodeType":"@apify/n8n-nodes-apify.apify","nodeName":"Retrieve Job DataSet","nodeId":"50c59e5e-c26f-4d37-87ff-b0b7613542c3"}}
{"__type":"$$EventMessageConfirm","confirm":"b80924e2-9bec-4bdf-b6fd-86755f078cfe","ts":"2025-11-19T09:35:47.928-08:00","source":{"id":"0","name":"eventBus"}}
{"__type":"$$EventMessageNode","id":"7f07f16b-f21f-428b-bc41-6cbee7c3c5d0","ts":"2025-11-19T09:35:48.260-08:00","eventName":"n8n.node.finished","message":"n8n.node.finished","payload":{"workflowId":"CbnyGVMHYiDmirgA","workflowName":"daily_scraper","executionId":"132","nodeType":"@apify/n8n-nodes-apify.apify","nodeName":"Retrieve Job DataSet","nodeId":"50c59e5e-c26f-4d37-87ff-b0b7613542c3"}}
{"__type":"$$EventMessageConfirm","confirm":"7f07f16b-f21f-428b-bc41-6cbee7c3c5d0","ts":"2025-11-19T09:35:48.260-08:00","source":{"id":"0","name":"eventBus"}}
{"__type":"$$EventMessageNode","id":"6e534ce0-c564-4270-8d37-7571b6f9605d","ts":"2025-11-19T09:35:48.260-08:00","eventName":"n8n.node.started","message":"n8n.node.started","payload":{"workflowId":"CbnyGVMHYiDmirgA","workflowName":"daily_scraper","executionId":"132","nodeType":"n8n-nodes-base.set","nodeName":"Clean & Format Data","nodeId":"c7728627-67fa-4d87-8e95-d6695e983515"}}
{"__type":"$$EventMessageConfirm","confirm":"6e534ce0-c564-4270-8d37-7571b6f9605d","ts":"2025-11-19T09:35:48.260-08:00","source":{"id":"0","name":"eventBus"}}
{"__type":"$$EventMessageNode","id":"f44367ef-c57a-4b70-86a0-4988d4661756","ts":"2025-11-19T09:35:48.312-08:00","eventName":"n8n.node.finished","message":"n8n.node.finished","payload":{"workflowId":"CbnyGVMHYiDmirgA","workflowName":"daily_scraper","executionId":"132","nodeType":"n8n-nodes-base.set","nodeName":"Clean & Format Data","nodeId":"c7728627-67fa-4d87-8e95-d6695e983515"}}
{"__type":"$$EventMessageConfirm","confirm":"f44367ef-c57a-4b70-86a0-4988d4661756","ts":"2025-11-19T09:35:48.312-08:00","source":{"id":"0","name":"eventBus"}}
{"__type":"$$EventMessageNode","id":"ab885275-5606-47f6-831b-5d091a09989d","ts":"2025-11-19T09:35:48.314-08:00","eventName":"n8n.node.started","message":"n8n.node.started","payload":{"workflowId":"CbnyGVMHYiDmirgA","workflowName":"daily_scraper","executionId":"132","nodeType":"n8n-nodes-base.code","nodeName":"Merge Jobs Array","nodeId":"4462b919-c527-47b3-9999-5df050662487"}}
{"__type":"$$EventMessageConfirm","confirm":"ab885275-5606-47f6-831b-5d091a09989d","ts":"2025-11-19T09:35:48.314-08:00","source":{"id":"0","name":"eventBus"}}
{"__type":"$$EventMessageNode","id":"e5cdd46f-7e98-4000-9b24-3d6cd7e7a2f8","ts":"2025-11-19T09:35:48.332-08:00","eventName":"n8n.node.finished","message":"n8n.node.finished","payload":{"workflowId":"CbnyGVMHYiDmirgA","workflowName":"daily_scraper","executionId":"132","nodeType":"n8n-nodes-base.code","nodeName":"Merge Jobs Array","nodeId":"4462b919-c527-47b3-9999-5df050662487"}}
{"__type":"$$EventMessageConfirm","confirm":"e5cdd46f-7e98-4000-9b24-3d6cd7e7a2f8","ts":"2025-11-19T09:35:48.332-08:00","source":{"id":"0","name":"eventBus"}}
{"__type":"$$EventMessageNode","id":"4ba7d4a2-3ff2-421a-b7df-4433b58ab966","ts":"2025-11-19T09:35:48.333-08:00","eventName":"n8n.node.started","message":"n8n.node.started","payload":{"workflowId":"CbnyGVMHYiDmirgA","workflowName":"daily_scraper","executionId":"132","nodeType":"n8n-nodes-base.httpRequest","nodeName":"Post Jobs to FastAPI","nodeId":"1aa29dc2-e303-4cc1-b282-27556ca04d44"}}
{"__type":"$$EventMessageConfirm","confirm":"4ba7d4a2-3ff2-421a-b7df-4433b58ab966","ts":"2025-11-19T09:35:48.333-08:00","source":{"id":"0","name":"eventBus"}}
{"__type":"$$EventMessageNode","id":"7e364b0d-baff-436c-b223-acd034297ef8","ts":"2025-11-19T09:35:48.492-08:00","eventName":"n8n.node.finished","message":"n8n.node.finished","payload":{"workflowId":"CbnyGVMHYiDmirgA","workflowName":"daily_scraper","executionId":"132","nodeType":"n8n-nodes-base.httpRequest","nodeName":"Post Jobs to FastAPI","nodeId":"1aa29dc2-e303-4cc1-b282-27556ca04d44"}}
{"__type":"$$EventMessageConfirm","confirm":"7e364b0d-baff-436c-b223-acd034297ef8","ts":"2025-11-19T09:35:48.492-08:00","source":{"id":"0","name":"eventBus"}}
{"__type":"$$EventMessageNode","id":"f3ce5c63-9055-4eba-83e2-26e7b65fb395","ts":"2025-11-19T09:35:48.492-08:00","eventName":"n8n.node.started","message":"n8n.node.started","payload":{"workflowId":"CbnyGVMHYiDmirgA","workflowName":"daily_scraper","executionId":"132","nodeType":"n8n-nodes-base.splitInBatches","nodeName":"Loop Over Items","nodeId":"4bc7a991-36f1-46b9-b423-ee13d731dfec"}}
{"__type":"$$EventMessageConfirm","confirm":"f3ce5c63-9055-4eba-83e2-26e7b65fb395","ts":"2025-11-19T09:35:48.492-08:00","source":{"id":"0","name":"eventBus"}}
{"__type":"$$EventMessageNode","id":"4e773fce-16b7-4572-97d8-9d30f6bd1f0f","ts":"2025-11-19T09:35:48.493-08:00","eventName":"n8n.node.finished","message":"n8n.node.finished","payload":{"workflowId":"CbnyGVMHYiDmirgA","workflowName":"daily_scraper","executionId":"132","nodeType":"n8n-nodes-base.splitInBatches","nodeName":"Loop Over Items","nodeId":"4bc7a991-36f1-46b9-b423-ee13d731dfec"}}
{"__type":"$$EventMessageConfirm","confirm":"4e773fce-16b7-4572-97d8-9d30f6bd1f0f","ts":"2025-11-19T09:35:48.493-08:00","source":{"id":"0","name":"eventBus"}}
{"__type":"$$EventMessageNode","id":"8e7d2782-cea9-474a-b8aa-12e998c6a9b5","ts":"2025-11-19T09:35:48.493-08:00","eventName":"n8n.node.started","message":"n8n.node.started","payload":{"workflowId":"CbnyGVMHYiDmirgA","workflowName":"daily_scraper","executionId":"132","nodeType":"@apify/n8n-nodes-apify.apify","nodeName":"Dice scraper","nodeId":"1f3c703c-d89c-41a4-947b-49c24fc49c0b"}}
{"__type":"$$EventMessageConfirm","confirm":"8e7d2782-cea9-474a-b8aa-12e998c6a9b5","ts":"2025-11-19T09:35:48.493-08:00","source":{"id":"0","name":"eventBus"}}
{"__type":"$$EventMessageNode","id":"32357550-9a9f-422d-bab4-d179fe215cac","ts":"2025-11-19T09:35:57.443-08:00","eventName":"n8n.node.finished","message":"n8n.node.finished","payload":{"workflowId":"CbnyGVMHYiDmirgA","workflowName":"daily_scraper","executionId":"132","nodeType":"@apify/n8n-nodes-apify.apify","nodeName":"Dice scraper","nodeId":"1f3c703c-d89c-41a4-947b-49c24fc49c0b"}}
{"__type":"$$EventMessageConfirm","confirm":"32357550-9a9f-422d-bab4-d179fe215cac","ts":"2025-11-19T09:35:57.444-08:00","source":{"id":"0","name":"eventBus"}}
{"__type":"$$EventMessageNode","id":"69123b4f-0add-4fee-b04c-2588b9227d71","ts":"2025-11-19T09:35:57.444-08:00","eventName":"n8n.node.started","message":"n8n.node.started","payload":{"workflowId":"CbnyGVMHYiDmirgA","workflowName":"daily_scraper","executionId":"132","nodeType":"@apify/n8n-nodes-apify.apify","nodeName":"Retrieve Job DataSet","nodeId":"50c59e5e-c26f-4d37-87ff-b0b7613542c3"}}
{"__type":"$$EventMessageConfirm","confirm":"69123b4f-0add-4fee-b04c-2588b9227d71","ts":"2025-11-19T09:35:57.444-08:00","source":{"id":"0","name":"eventBus"}}
{"__type":"$$EventMessageNode","id":"f321cdba-43c7-4a73-9ef8-f655b70233f7","ts":"2025-11-19T09:35:57.730-08:00","eventName":"n8n.node.finished","message":"n8n.node.finished","payload":{"workflowId":"CbnyGVMHYiDmirgA","workflowName":"daily_scraper","executionId":"132","nodeType":"@apify/n8n-nodes-apify.apify","nodeName":"Retrieve Job DataSet","nodeId":"50c59e5e-c26f-4d37-87ff-b0b7613542c3"}}
{"__type":"$$EventMessageConfirm","confirm":"f321cdba-43c7-4a73-9ef8-f655b70233f7","ts":"2025-11-19T09:35:57.730-08:00","source":{"id":"0","name":"eventBus"}}
{"__type":"$$EventMessageNode","id":"0e27c7ff-f67d-4d95-b49b-2f421329b658","ts":"2025-11-19T09:35:57.731-08:00","eventName":"n8n.node.started","message":"n8n.node.started","payload":{"workflowId":"CbnyGVMHYiDmirgA","workflowName":"daily_scraper","executionId":"132","nodeType":"n8n-nodes-base.set","nodeName":"Clean & Format Data","nodeId":"c7728627-67fa-4d87-8e95-d6695e983515"}}
{"__type":"$$EventMessageConfirm","confirm":"0e27c7ff-f67d-4d95-b49b-2f421329b658","ts":"2025-11-19T09:35:57.731-08:00","source":{"id":"0","name":"eventBus"}}
{"__type":"$$EventMessageNode","id":"fbc212d8-e849-4029-91e6-72e05552fb8a","ts":"2025-11-19T09:35:57.753-08:00","eventName":"n8n.node.finished","message":"n8n.node.finished","payload":{"workflowId":"CbnyGVMHYiDmirgA","workflowName":"daily_scraper","executionId":"132","nodeType":"n8n-nodes-base.set","nodeName":"Clean & Format Data","nodeId":"c7728627-67fa-4d87-8e95-d6695e983515"}}
{"__type":"$$EventMessageConfirm","confirm":"fbc212d8-e849-4029-91e6-72e05552fb8a","ts":"2025-11-19T09:35:57.753-08:00","source":{"id":"0","name":"eventBus"}}
{"__type":"$$EventMessageNode","id":"f339004c-ec72-4ce2-81d6-8f6431f26725","ts":"2025-11-19T09:35:57.753-08:00","eventName":"n8n.node.started","message":"n8n.node.started","payload":{"workflowId":"CbnyGVMHYiDmirgA","workflowName":"daily_scraper","executionId":"132","nodeType":"n8n-nodes-base.code","nodeName":"Merge Jobs Array","nodeId":"4462b919-c527-47b3-9999-5df050662487"}}
{"__type":"$$EventMessageConfirm","confirm":"f339004c-ec72-4ce2-81d6-8f6431f26725","ts":"2025-11-19T09:35:57.753-08:00","source":{"id":"0","name":"eventBus"}}
{"__type":"$$EventMessageNode","id":"f76e34b8-c8ea-44c8-aced-20563c0dbd79","ts":"2025-11-19T09:35:57.757-08:00","eventName":"n8n.node.finished","message":"n8n.node.finished","payload":{"workflowId":"CbnyGVMHYiDmirgA","workflowName":"daily_scraper","executionId":"132","nodeType":"n8n-nodes-base.code","nodeName":"Merge Jobs Array","nodeId":"4462b919-c527-47b3-9999-5df050662487"}}
{"__type":"$$EventMessageConfirm","confirm":"f76e34b8-c8ea-44c8-aced-20563c0dbd79","ts":"2025-11-19T09:35:57.757-08:00","source":{"id":"0","name":"eventBus"}}
{"__type":"$$EventMessageNode","id":"f2b4a784-6d4e-4b47-94c7-3169d3576067","ts":"2025-11-19T09:35:57.758-08:00","eventName":"n8n.node.started","message":"n8n.node.started","payload":{"workflowId":"CbnyGVMHYiDmirgA","workflowName":"daily_scraper","executionId":"132","nodeType":"n8n-nodes-base.httpRequest","nodeName":"Post Jobs to FastAPI","nodeId":"1aa29dc2-e303-4cc1-b282-27556ca04d44"}}
{"__type":"$$EventMessageConfirm","confirm":"f2b4a784-6d4e-4b47-94c7-3169d3576067","ts":"2025-11-19T09:35:57.758-08:00","source":{"id":"0","name":"eventBus"}}
{"__type":"$$EventMessageNode","id":"25f0cc25-ea07-4d74-b357-b7f177f0d509","ts":"2025-11-19T09:35:57.806-08:00","eventName":"n8n.node.finished","message":"n8n.node.finished","payload":{"workflowId":"CbnyGVMHYiDmirgA","workflowName":"daily_scraper","executionId":"132","nodeType":"n8n-nodes-base.httpRequest","nodeName":"Post Jobs to FastAPI","nodeId":"1aa29dc2-e303-4cc1-b282-27556ca04d44"}}
{"__type":"$$EventMessageConfirm","confirm":"25f0cc25-ea07-4d74-b357-b7f177f0d509","ts":"2025-11-19T09:35:57.806-08:00","source":{"id":"0","name":"eventBus"}}
{"__type":"$$EventMessageNode","id":"5e61176e-13fc-40fa-ae1e-0e6f01b7c8ff","ts":"2025-11-19T09:35:57.806-08:00","eventName":"n8n.node.started","message":"n8n.node.started","payload":{"workflowId":"CbnyGVMHYiDmirgA","workflowName":"daily_scraper","executionId":"132","nodeType":"n8n-nodes-base.splitInBatches","nodeName":"Loop Over Items","nodeId":"4bc7a991-36f1-46b9-b423-ee13d731dfec"}}
{"__type":"$$EventMessageConfirm","confirm":"5e61176e-13fc-40fa-ae1e-0e6f01b7c8ff","ts":"2025-11-19T09:35:57.806-08:00","source":{"id":"0","name":"eventBus"}}
{"__type":"$$EventMessageNode","id":"4e2ae20b-5f7c-4ada-b49c-18e17f1dc244","ts":"2025-11-19T09:35:57.807-08:00","eventName":"n8n.node.finished","message":"n8n.node.finished","payload":{"workflowId":"CbnyGVMHYiDmirgA","workflowName":"daily_scraper","executionId":"132","nodeType":"n8n-nodes-base.splitInBatches","nodeName":"Loop Over Items","nodeId":"4bc7a991-36f1-46b9-b423-ee13d731dfec"}}
{"__type":"$$EventMessageConfirm","confirm":"4e2ae20b-5f7c-4ada-b49c-18e17f1dc244","ts":"2025-11-19T09:35:57.807-08:00","source":{"id":"0","name":"eventBus"}}
{"__type":"$$EventMessageWorkflow","id":"6afb40b2-8a56-4926-a182-6bd24b9dee47","ts":"2025-11-19T09:35:57.814-08:00","eventName":"n8n.workflow.success","message":"n8n.workflow.success","payload":{"userId":"ce508af5-f7ec-4d98-a474-f98d3181dddd","executionId":"132","success":true,"isManual":true,"workflowId":"CbnyGVMHYiDmirgA","workflowName":"daily_scraper"}}
{"__type":"$$EventMessageConfirm","confirm":"6afb40b2-8a56-4926-a182-6bd24b9dee47","ts":"2025-11-19T09:35:57.815-08:00","source":{"id":"0","name":"eventBus"}}
