{"__type":"$$EventMessageAudit","id":"c0bdf226-2847-479d-82b0-87630e692277","ts":"2025-11-17T23:02:51.810+00:00","eventName":"n8n.audit.user.login.success","message":"n8n.audit.user.login.success","payload":{"userId":"c8da1e2f-ea3d-4543-a15a-a0fd21f23a20","_email":"revanuri.raghava@gmail.com","_firstName":"Luffy","_lastName":"Mugiwara","globalRole":"global:owner","authenticationMethod":"email"}}
{"__type":"$$EventMessageConfirm","confirm":"c0bdf226-2847-479d-82b0-87630e692277","ts":"2025-11-17T23:02:51.829+00:00","source":{"id":"0","name":"eventBus"}}
{"__type":"$$EventMessageWorkflow","id":"2fd33012-b5c2-42c9-82fb-0f88775f321a","ts":"2025-11-17T23:03:00.205+00:00","eventName":"n8n.workflow.started","message":"n8n.workflow.started","payload":{"executionId":"3","workflowId":"DB87yGgAUDtkfB3i","isManual":false,"workflowName":"My workflow"}}
{"__type":"$$EventMessageConfirm","confirm":"2fd33012-b5c2-42c9-82fb-0f88775f321a","ts":"2025-11-17T23:03:00.205+00:00","source":{"id":"0","name":"eventBus"}}
{"__type":"$$EventMessageNode","id":"8eb9284d-3836-41f1-8f6f-86ddefc8a511","ts":"2025-11-17T23:03:00.206+00:00","eventName":"n8n.node.started","message":"n8n.node.started","payload":{"workflowId":"DB87yGgAUDtkfB3i","workflowName":"My workflow","executionId":"3","nodeType":"n8n-nodes-base.manualTrigger","nodeName":"When clicking ‘Execute workflow’","nodeId":"28196e71-9371-40ff-a014-9bc682b8973a"}}
{"__type":"$$EventMessageConfirm","confirm":"8eb9284d-3836-41f1-8f6f-86ddefc8a511","ts":"2025-11-17T23:03:00.206+00:00","source":{"id":"0","name":"eventBus"}}
{"__type":"$$EventMessageNode","id":"0264dd82-a659-4af1-b503-6786d55674c2","ts":"2025-11-17T23:03:00.208+00:00","eventName":"n8n.node.finished","message":"n8n.node.finished","payload":{"workflowId":"DB87yGgAUDtkfB3i","workflowName":"My workflow","executionId":"3","nodeType":"n8n-nodes-base.manualTrigger","nodeName":"When clicking ‘Execute workflow’","nodeId":"28196e71-9371-40ff-a014-9bc682b8973a"}}
{"__type":"$$EventMessageConfirm","confirm":"0264dd82-a659-4af1-b503-6786d55674c2","ts":"2025-11-17T23:03:00.208+00:00","source":{"id":"0","name":"eventBus"}}
{"__type":"$$EventMessageNode","id":"fb79be6f-a71a-44c7-8fc3-bcd105bd4389","ts":"2025-11-17T23:03:00.209+00:00","eventName":"n8n.node.started","message":"n8n.node.started","payload":{"workflowId":"DB87yGgAUDtkfB3i","workflowName":"My workflow","executionId":"3","nodeType":"n8n-nodes-base.code","nodeName":"Code in JavaScript","nodeId":"94b83b87-252a-493d-b37f-438fd3cb84fb"}}
{"__type":"$$EventMessageConfirm","confirm":"fb79be6f-a71a-44c7-8fc3-bcd105bd4389","ts":"2025-11-17T23:03:00.209+00:00","source":{"id":"0","name":"eventBus"}}
{"__type":"$$EventMessageNode","id":"8e173ecb-4587-4d03-a578-554ec59494b5","ts":"2025-11-17T15:03:00.226-08:00","eventName":"n8n.node.finished","message":"n8n.node.finished","payload":{"workflowId":"DB87yGgAUDtkfB3i","workflowName":"My workflow","executionId":"3","nodeType":"n8n-nodes-base.code","nodeName":"Code in JavaScript","nodeId":"94b83b87-252a-493d-b37f-438fd3cb84fb"}}
{"__type":"$$EventMessageConfirm","confirm":"8e173ecb-4587-4d03-a578-554ec59494b5","ts":"2025-11-17T15:03:00.226-08:00","source":{"id":"0","name":"eventBus"}}
{"__type":"$$EventMessageWorkflow","id":"4c956dc5-b57c-4b90-b392-6d77c2eb0fec","ts":"2025-11-17T15:03:00.231-08:00","eventName":"n8n.workflow.success","message":"n8n.workflow.success","payload":{"userId":"c8da1e2f-ea3d-4543-a15a-a0fd21f23a20","executionId":"3","success":true,"isManual":true,"workflowId":"DB87yGgAUDtkfB3i","workflowName":"My workflow"}}
{"__type":"$$EventMessageConfirm","confirm":"4c956dc5-b57c-4b90-b392-6d77c2eb0fec","ts":"2025-11-17T15:03:00.231-08:00","source":{"id":"0","name":"eventBus"}}
{"__type":"$$EventMessageWorkflow","id":"94766e95-9da0-44f9-b0fc-f86e84af947c","ts":"2025-11-17T15:04:05.042-08:00","eventName":"n8n.workflow.started","message":"n8n.workflow.started","payload":{"executionId":"4","workflowId":"DB87yGgAUDtkfB3i","isManual":false,"workflowName":"My workflow"}}
{"__type":"$$EventMessageConfirm","confirm":"94766e95-9da0-44f9-b0fc-f86e84af947c","ts":"2025-11-17T15:04:05.042-08:00","source":{"id":"0","name":"eventBus"}}
{"__type":"$$EventMessageNode","id":"094722c0-2c36-4338-8a22-a80c974770e4","ts":"2025-11-17T15:04:05.043-08:00","eventName":"n8n.node.started","message":"n8n.node.started","payload":{"workflowId":"DB87yGgAUDtkfB3i","workflowName":"My workflow","executionId":"4","nodeType":"n8n-nodes-base.postgres","nodeName":"Insert rows in a table","nodeId":"d8102b5e-2b76-493d-a148-0b6be8dd1c17"}}
{"__type":"$$EventMessageConfirm","confirm":"094722c0-2c36-4338-8a22-a80c974770e4","ts":"2025-11-17T15:04:05.043-08:00","source":{"id":"0","name":"eventBus"}}
{"__type":"$$EventMessageNode","id":"1a97b21e-3684-489c-92d5-8974d4b7610f","ts":"2025-11-17T15:04:05.060-08:00","eventName":"n8n.node.finished","message":"n8n.node.finished","payload":{"workflowId":"DB87yGgAUDtkfB3i","workflowName":"My workflow","executionId":"4","nodeType":"n8n-nodes-base.postgres","nodeName":"Insert rows in a table","nodeId":"d8102b5e-2b76-493d-a148-0b6be8dd1c17"}}
{"__type":"$$EventMessageConfirm","confirm":"1a97b21e-3684-489c-92d5-8974d4b7610f","ts":"2025-11-17T15:04:05.060-08:00","source":{"id":"0","name":"eventBus"}}
{"__type":"$$EventMessageWorkflow","id":"cb887875-fc9b-43ae-9741-23dddbee0504","ts":"2025-11-17T15:04:05.062-08:00","eventName":"n8n.workflow.failed","message":"n8n.workflow.failed","payload":{"userId":"c8da1e2f-ea3d-4543-a15a-a0fd21f23a20","executionId":"4","success":false,"isManual":true,"workflowId":"DB87yGgAUDtkfB3i","workflowName":"My workflow","lastNodeExecuted":"Insert rows in a table","errorMessage":"Credentials could not be decrypted. The likely reason is that a different \"encryptionKey\" was used to encrypt the data."}}
{"__type":"$$EventMessageConfirm","confirm":"cb887875-fc9b-43ae-9741-23dddbee0504","ts":"2025-11-17T15:04:05.062-08:00","source":{"id":"0","name":"eventBus"}}
{"__type":"$$EventMessageWorkflow","id":"d51b9dc5-6a22-4d26-9961-c899023ef20c","ts":"2025-11-17T15:07:04.770-08:00","eventName":"n8n.workflow.started","message":"n8n.workflow.started","payload":{"executionId":"5","workflowId":"DB87yGgAUDtkfB3i","isManual":false,"workflowName":"My workflow"}}
{"__type":"$$EventMessageConfirm","confirm":"d51b9dc5-6a22-4d26-9961-c899023ef20c","ts":"2025-11-17T15:07:04.771-08:00","source":{"id":"0","name":"eventBus"}}
{"__type":"$$EventMessageNode","id":"b3349bea-e436-48ee-a3fa-8d759a2da739","ts":"2025-11-17T15:07:04.771-08:00","eventName":"n8n.node.started","message":"n8n.node.started","payload":{"workflowId":"DB87yGgAUDtkfB3i","workflowName":"My workflow","executionId":"5","nodeType":"n8n-nodes-base.postgres","nodeName":"Insert rows in a table","nodeId":"d8102b5e-2b76-493d-a148-0b6be8dd1c17"}}
{"__type":"$$EventMessageConfirm","confirm":"b3349bea-e436-48ee-a3fa-8d759a2da739","ts":"2025-11-17T15:07:04.771-08:00","source":{"id":"0","name":"eventBus"}}
{"__type":"$$EventMessageNode","id":"d5fde714-e4ef-4564-bcfd-7f23f61ad2ec","ts":"2025-11-17T15:07:04.778-08:00","eventName":"n8n.node.finished","message":"n8n.node.finished","payload":{"workflowId":"DB87yGgAUDtkfB3i","workflowName":"My workflow","executionId":"5","nodeType":"n8n-nodes-base.postgres","nodeName":"Insert rows in a table","nodeId":"d8102b5e-2b76-493d-a148-0b6be8dd1c17"}}
{"__type":"$$EventMessageConfirm","confirm":"d5fde714-e4ef-4564-bcfd-7f23f61ad2ec","ts":"2025-11-17T15:07:04.778-08:00","source":{"id":"0","name":"eventBus"}}
{"__type":"$$EventMessageWorkflow","id":"f448de0e-7629-430b-8985-27ca5de48647","ts":"2025-11-17T15:07:04.782-08:00","eventName":"n8n.workflow.failed","message":"n8n.workflow.failed","payload":{"userId":"c8da1e2f-ea3d-4543-a15a-a0fd21f23a20","executionId":"5","success":false,"isManual":true,"workflowId":"DB87yGgAUDtkfB3i","workflowName":"My workflow","lastNodeExecuted":"Insert rows in a table","errorMessage":"Credentials could not be decrypted. The likely reason is that a different \"encryptionKey\" was used to encrypt the data."}}
{"__type":"$$EventMessageConfirm","confirm":"f448de0e-7629-430b-8985-27ca5de48647","ts":"2025-11-17T15:07:04.782-08:00","source":{"id":"0","name":"eventBus"}}
